<?xml version="1.0" encoding="UTF-8"?>
<testsuite xmlns:xsi="http://www.w3.org/2001/XMLSchema-instance" xsi:noNamespaceSchemaLocation="https://maven.apache.org/surefire/maven-surefire-plugin/xsd/surefire-test-report.xsd" name="com.paymentchain.billing.BasicApplicationTests" time="10.593" tests="2" errors="0" skipped="0" failures="0">
  <properties>
[...]
</properties>
  <testcase name="testFindById" classname="com.paymentchain.billing.BasicApplicationTests" time="0.637"/>
  <testcase name="testCreate" classname="com.paymentchain.billing.BasicApplicationTests" time="0.235"/>
</testsuite>